[debug] [2022-12-13T07:56:37.465Z] ----------------------------------------------------------------------
[debug] [2022-12-13T07:56:37.467Z] Command:       C:\Program Files\nodejs\node.exe C:\Users\b010986\AppData\Roaming\npm\node_modules\firebase-tools\lib\bin\firebase.js deploy
[debug] [2022-12-13T07:56:37.467Z] CLI Version:   11.17.0
[debug] [2022-12-13T07:56:37.468Z] Platform:      win32
[debug] [2022-12-13T07:56:37.468Z] Node Version:  v16.17.0
[debug] [2022-12-13T07:56:37.474Z] Time:          Tue Dec 13 2022 15:56:37 GMT+0800 (Taipei Standard Time)
[debug] [2022-12-13T07:56:37.474Z] ----------------------------------------------------------------------
[debug] 
[debug] [2022-12-13T07:56:37.478Z] >>> [apiv2][query] GET https://firebase-public.firebaseio.com/cli.json [none]
[debug] [2022-12-13T07:56:37.540Z] > command requires scopes: ["email","openid","https://www.googleapis.com/auth/cloudplatformprojects.readonly","https://www.googleapis.com/auth/firebase","https://www.googleapis.com/auth/cloud-platform"]
[debug] [2022-12-13T07:56:37.541Z] > authorizing via signed-in user (blindice1@gmail.com)
[debug] [2022-12-13T07:56:37.541Z] [iam] checking project bthesis-afda4 for permissions ["firebase.projects.get","firebasehosting.sites.update"]
[debug] [2022-12-13T07:56:37.542Z] > refreshing access token with scopes: []
[debug] [2022-12-13T07:56:37.543Z] >>> [apiv2][query] POST https://www.googleapis.com/oauth2/v3/token [none]
[debug] [2022-12-13T07:56:37.543Z] >>> [apiv2][body] POST https://www.googleapis.com/oauth2/v3/token [omitted]
[debug] [2022-12-13T07:56:38.244Z] <<< [apiv2][status] POST https://www.googleapis.com/oauth2/v3/token 200
[debug] [2022-12-13T07:56:38.244Z] <<< [apiv2][body] POST https://www.googleapis.com/oauth2/v3/token [omitted]
[debug] [2022-12-13T07:56:38.260Z] >>> [apiv2][query] POST https://cloudresourcemanager.googleapis.com/v1/projects/bthesis-afda4:testIamPermissions [none]
[debug] [2022-12-13T07:56:38.260Z] >>> [apiv2][(partial)header] POST https://cloudresourcemanager.googleapis.com/v1/projects/bthesis-afda4:testIamPermissions x-goog-quota-user=projects/bthesis-afda4
[debug] [2022-12-13T07:56:38.260Z] >>> [apiv2][body] POST https://cloudresourcemanager.googleapis.com/v1/projects/bthesis-afda4:testIamPermissions {"permissions":["firebase.projects.get","firebasehosting.sites.update"]}
[debug] [2022-12-13T07:56:38.435Z] <<< [apiv2][status] GET https://firebase-public.firebaseio.com/cli.json 200
[debug] [2022-12-13T07:56:38.435Z] <<< [apiv2][body] GET https://firebase-public.firebaseio.com/cli.json {"cloudBuildErrorAfter":1594252800000,"cloudBuildWarnAfter":1590019200000,"defaultNode10After":1594252800000,"minVersion":"3.0.5","node8DeploysDisabledAfter":1613390400000,"node8RuntimeDisabledAfter":1615809600000,"node8WarnAfter":1600128000000}
[debug] [2022-12-13T07:56:39.455Z] <<< [apiv2][status] POST https://cloudresourcemanager.googleapis.com/v1/projects/bthesis-afda4:testIamPermissions 200
[debug] [2022-12-13T07:56:39.455Z] <<< [apiv2][body] POST https://cloudresourcemanager.googleapis.com/v1/projects/bthesis-afda4:testIamPermissions {"permissions":["firebase.projects.get","firebasehosting.sites.update"]}
[debug] [2022-12-13T07:56:39.456Z] >>> [apiv2][query] GET https://firebase.googleapis.com/v1beta1/projects/bthesis-afda4 [none]
[debug] [2022-12-13T07:56:40.360Z] <<< [apiv2][status] GET https://firebase.googleapis.com/v1beta1/projects/bthesis-afda4 200
[debug] [2022-12-13T07:56:40.360Z] <<< [apiv2][body] GET https://firebase.googleapis.com/v1beta1/projects/bthesis-afda4 {"projectId":"bthesis-afda4","projectNumber":"474733194984","displayName":"BThesis","name":"projects/bthesis-afda4","resources":{"hostingSite":"bthesis-afda4","storageBucket":"bthesis-afda4.appspot.com","locationId":"asia-southeast1"},"state":"ACTIVE","etag":"1_fe04840e-bf89-4c5f-9192-bb1830d671b4"}
[info] 
[info] === Deploying to 'bthesis-afda4'...
[info] 
[info] i  deploying hosting 
[debug] [2022-12-13T07:56:40.368Z] >>> [apiv2][query] POST https://firebasehosting.googleapis.com/v1beta1/projects/-/sites/bthesis-afda4/versions [none]
[debug] [2022-12-13T07:56:40.368Z] >>> [apiv2][body] POST https://firebasehosting.googleapis.com/v1beta1/projects/-/sites/bthesis-afda4/versions {"status":"CREATED","labels":{"deployment-tool":"cli-firebase"}}
[debug] [2022-12-13T07:56:41.617Z] <<< [apiv2][status] POST https://firebasehosting.googleapis.com/v1beta1/projects/-/sites/bthesis-afda4/versions 200
[debug] [2022-12-13T07:56:41.617Z] <<< [apiv2][body] POST https://firebasehosting.googleapis.com/v1beta1/projects/-/sites/bthesis-afda4/versions {"name":"projects/474733194984/sites/bthesis-afda4/versions/b37ecbb8331149be","status":"CREATED","config":{},"labels":{"deployment-tool":"cli-firebase"}}
[info] i  hosting[bthesis-afda4]: beginning deploy... 
[info] i  hosting[bthesis-afda4]: found 57 files in build 
[debug] [2022-12-13T07:57:01.435Z] [hosting] uploading with 200 concurrency
[debug] [2022-12-13T07:57:02.148Z] [hosting] hash cache [YnVpbGQ] stored for 57 files
[debug] [2022-12-13T07:57:02.149Z] [hosting][hash queue][FINAL] {"max":700,"min":15,"avg":39.719298245614034,"active":0,"complete":57,"success":57,"errored":0,"retried":0,"total":57,"elapsed":711}
[debug] [2022-12-13T07:57:02.149Z] >>> [apiv2][query] POST https://firebasehosting.googleapis.com/v1beta1/projects/474733194984/sites/bthesis-afda4/versions/b37ecbb8331149be:populateFiles [none]
[debug] [2022-12-13T07:57:02.149Z] >>> [apiv2][body] POST https://firebasehosting.googleapis.com/v1beta1/projects/474733194984/sites/bthesis-afda4/versions/b37ecbb8331149be:populateFiles {"files":{"/asset-manifest.json":"9d982cd57036fa07220cefa95b1a377fff0d8f21de9977a252b0a55590742ad0","/favicon.ico":"87aecafb41d21ea93b7af81398237b980c43ee880676c78630ee2d1e9a6d711f","/index.html":"b70d24f19cebcc203feb9bb7fd16f90fa49409e1813c6adc7a4557b0c18e8d04","/manifest.json":"aff3449bdc238776f5d6d967f19ec491b36aed5fb7f23ccff6500736fd58494a","/robots.txt":"5fcd5c559ded0c02b3ed7840ca3ee77e95b798730af98d9f18bc627ac898071e","/logo192.png":"ebf380e341383bbf65d6a762603f630a9f7610c97f32bd297bc097635bc37ee3","/logo512.png":"c55d034d9cf7abfac7600919cbf4f4ce2f3ea3478df91d01177e8ff136f58918","/images/csv.png":"1b4c1d8fb4fee9fde33ffe756cb5ee76ee4a7c10f6cf8383dcafd720e5562439","/images/html.png":"ed07b50deda40b6d4cf7a754ce61ec3a80b7b9c729ea4b3d15c50e932264570e","/images/doc.png":"8bbb0922e3d869b0bc3f5b3dda516474e1d35b9b4a0914cea221435253f41318","/images/ppt.png":"bf5281c2a41700101050ee9fa7693bfbe32914e4d19f9725a1b1ad831e2bc42b","/images/txt.png":"9d6bbaf7824602a735b6afb117f73ff8264d258116e0c074861f48e21b6befb8","/images/pdf.png":"72182266c9095dfaf9d4af8a04756b094ef8a3e3110dfe5cd79c87e6a2df93e9","/images/xls.png":"8ec6a20f91cb94a0ea1d87146f25423e5fb1cf095ee1b9d8f7bfbf1657404b6e","/static/js/787.670ba97f.chunk.js":"f88925a2a09aa6d09e7a606a06015b990ba51c2cabf3c69c93c4c4fadb67bb87","/static/js/787.670ba97f.chunk.js.map":"3c16cf668e0db9fc637541083845ad28d1492f3941d9a984beb802cd59459230","/static/css/main.bb382e5c.css":"8f4c29f875f6eecd2132246a6624e3bb2eff6e129d5d46fa040d60c372586954","/static/js/main.08008501.js.LICENSE.txt":"951814c7e1125dd9cdcd402ae415760c2a08721e99319d56e11aa801f051cd59","/static/media/roboto-cyrillic-300-normal.1431d1cef06ad04f5458.woff2":"7a18c7738e3ee51c35457fab46849c9dd23ede38deeda4c8a1f0486b445026fe","/static/media/roboto-cyrillic-400-normal.71a33b6b50457b2c903a.woff2":"7b0fa1eec6852044a856e1c7ae33aa6e3db2916a05080be368fbe2fc2aaeb34e","/static/media/roboto-cyrillic-500-normal.cad7d3d9cb265e334e58.woff2":"ef87b441158ea715ef732cb7ef9e181ef3cc576dad81250e7eda0111c32e1c3d","/static/css/main.bb382e5c.css.map":"8f733b8696c29a4ff40fcc6c3cbde3fa881b458c50a5bc37960471c62c3642a8","/static/media/roboto-cyrillic-700-normal.d010f1f324e111a22e53.woff2":"65c6fa99ec79366b59543a4127be443c670c9042e5937082e6dbda34c0fcad19","/static/media/roboto-cyrillic-ext-300-normal.4777461b144e55145268.woff2":"31baa9e9c45f2de6aae0e8b3a750afb432fad261c982d0f27c103c4ca30ffe38","/static/media/roboto-cyrillic-ext-500-normal.62ced72e5832f02c2796.woff2":"990c22e932984780d4c2a52fac7ff537f0b4fb4e4ff3a6931b986ad65e94963d","/static/media/roboto-cyrillic-ext-700-normal.be4d02458ce53887dc37.woff2":"22fcde50e80e27fcb70358106ae20e70d55a6976436a29f7e81d91f8dddead91","/static/media/roboto-greek-300-normal.db2632771401f61463fe.woff2":"3998a7853436ec165d6d021632bbf756d7f109d3e5dd14a56cc57ccadb39f455","/static/media/roboto-greek-400-normal.c35e4c3958e209d17b31.woff2":"a9fa660ff3ebb4698597476d9ca5a6a24340b3e4e0cf9e6704510912d25d2647","/static/media/roboto-greek-500-normal.9ac81fefbe6c319ea40b.woff2":"a6822425ab5737bbaa54ab2e57305b223d6eaec89e7fa09d5549cb5c127f1485","/static/media/roboto-greek-ext-300-normal.35b9d6be04b95f0f0530.woff2":"795dddfc80123d4b2d4b1e9b11ad7a07076bcffdede8d539a6784335423f0478","/static/media/roboto-cyrillic-ext-400-normal.804378952da8a10faae2.woff2":"d370340df84be45fad28859559e5bd3531cbf6c3873ca6bba200aabda9f44cb6","/static/media/roboto-greek-700-normal.50e795c1345353b0e996.woff2":"5309d7e9b9fc472459aa9fd4e7a489791efa847ea0e0b8a28c7fedf708226468","/static/media/roboto-greek-ext-400-normal.169619821ea93019d1bb.woff2":"ba8d976054fcda8593f3d66c47505c9304e5a2f34471937fc99dbc792b4c41e7","/static/media/roboto-greek-ext-500-normal.6fb9cffb1d3e72bf9293.woff2":"c15cfee67d025043a6f6d0350eac166074d471f84a20b05c2cfa24c38a850b0e","/static/media/roboto-greek-ext-700-normal.bd9854c751441ccc1a70.woff2":"8e5c05f0bebeb2b1f9ac9a4f0a727349991474e29c3214587a402b07b8ba6817","/static/media/roboto-latin-400-normal.b009a76ad6afe4ebd301.woff2":"c5c35e4f7eb9ad6aa543faad4550e57362bfd7ad88f9df6f3f7f4fb1ea808cd3","/static/media/roboto-latin-500-normal.f25d774ecfe0996f8eb5.woff2":"a779f5f1144e9c9efeda4a4141d7a4050e386ab4259aeadea4dff48f67c23362","/static/media/roboto-latin-700-normal.227c93190fe7f82de3f8.woff2":"f2cc892b949b456ba07184673306af281b0fe37998ceb8c7adfa074a8905c9c4","/static/media/roboto-latin-300-normal.c48fb6765a9fcb00b330.woff2":"1257a1f7d6d4cf0017f914b20a89377caf5c0ff9d31a005eadcc18181db9be3d","/static/media/roboto-latin-ext-300-normal.dc7dcec8e3f654e0ed63.woff2":"548ef6ca84f2e65e5cd04157702596604430cbdd3d5257d51e88d106e5480656","/images/upbox-icon.png":"669cac6409145a27e54df05b06200a76c0be2abab84b0d7ab02ff88e50697d4a","/static/media/roboto-all-400-normal.c5d001fa922fa66a147f.woff":"a6b077da001d36889c5a88d7349d2014a7bbad639249359fd76d29de49b18cc8","/static/media/roboto-all-300-normal.168d6383e73339293ac3.woff":"cad261f11c78ce1fafa57fc9d935f030e1bc3209fa6e7dc488db5f7e5e12e314","/static/media/roboto-latin-ext-400-normal.861b791f9de857a6e7bc.woff2":"6fe807b7e1c944c0c220cccf918c7ef7d79437e1266ca8986026cdbcbd04fabe","/static/media/roboto-latin-ext-500-normal.9165081d10e1ba601384.woff2":"16aa9f4b2ad3221f370aec4a42745d0575922ed73f5137e6b3720e3fb7abdfd2","/static/media/roboto-latin-ext-700-normal.ed67ad54b1a8f5d21150.woff2":"af012fee08087d597c634fe45ae3090a18c6fb72bff64656fe2b51243e008d58","/static/media/roboto-vietnamese-300-normal.32fc45a3d1e8ea11fabc.woff2":"b89075183f5b199e65e18d02a0d686671009d76aea2d9c14e97785a145f987b3","/static/media/roboto-vietnamese-400-normal.3230f9b040f3c630e0c3.woff2":"054d6875432132790a834b4e81b5180ab51d42f60360d36398b8657fa466726c","/static/media/roboto-vietnamese-500-normal.d8642a3d1d4ef6179644.woff2":"8a243fed3a3523b36b5f225bf9da52785422d645dcd4f5c812fd26b105d3a0ee","/static/media/roboto-vietnamese-700-normal.3425a701027d0699e369.woff2":"a1a95a8406c3d1b18a0cd24ff3fd7369f79bea51ace99d462d5daccc9465af00","/static/media/roboto-all-500-normal.0ab669b7a0d19b178f57.woff":"7bda2221f5ec69b4bb96ae92ec7fc5456cc4c92a2804cd94720add5f7b42d84f","/static/media/roboto-all-700-normal.a457fde362a540fcadff.woff":"cff0c9f57b3c8a7fd9d91c1faf05f1ae53ccc15098828d670148103c942ce889","/images/upbox-logo.png":"ea5a95dcc0fc3db51f48c30defe6e9fdbbd3fab24a4e8e6d60abd306899a3c9a","/images/cloud-logo.png":"6964ba7bea5ef56f3358405bded22aeaa50712d7b994ddaf9ac33bb25b752756","/images/PngItem_5131515.png":"c3438c45fb3675091fa1e81eac6ae1d3f8b622df6f119553bc811e597b996de3","/static/js/main.08008501.js":"ab1a28db3832e2a024ccbfd1244126c28bb2a94e3c4d6be4d36c7c8fec6a16f2","/static/js/main.08008501.js.map":"9ce5f442b3e6f40188587a418f56eb42a8681d295503a746da5aa7c1d43a443e"}}
[debug] [2022-12-13T07:57:03.353Z] <<< [apiv2][status] POST https://firebasehosting.googleapis.com/v1beta1/projects/474733194984/sites/bthesis-afda4/versions/b37ecbb8331149be:populateFiles 200
[debug] [2022-12-13T07:57:03.353Z] <<< [apiv2][body] POST https://firebasehosting.googleapis.com/v1beta1/projects/474733194984/sites/bthesis-afda4/versions/b37ecbb8331149be:populateFiles {"uploadRequiredHashes":["ab1a28db3832e2a024ccbfd1244126c28bb2a94e3c4d6be4d36c7c8fec6a16f2","951814c7e1125dd9cdcd402ae415760c2a08721e99319d56e11aa801f051cd59","8f4c29f875f6eecd2132246a6624e3bb2eff6e129d5d46fa040d60c372586954","9d982cd57036fa07220cefa95b1a377fff0d8f21de9977a252b0a55590742ad0","b70d24f19cebcc203feb9bb7fd16f90fa49409e1813c6adc7a4557b0c18e8d04","8f733b8696c29a4ff40fcc6c3cbde3fa881b458c50a5bc37960471c62c3642a8","9ce5f442b3e6f40188587a418f56eb42a8681d295503a746da5aa7c1d43a443e"],"uploadUrl":"https://upload-firebasehosting.googleapis.com/upload/sites/bthesis-afda4/versions/b37ecbb8331149be/files"}
[debug] [2022-12-13T07:57:03.354Z] >>> [apiv2][query] POST https://upload-firebasehosting.googleapis.com/upload/sites/bthesis-afda4/versions/b37ecbb8331149be/files/ab1a28db3832e2a024ccbfd1244126c28bb2a94e3c4d6be4d36c7c8fec6a16f2 [none]
[debug] [2022-12-13T07:57:03.355Z] >>> [apiv2][body] POST https://upload-firebasehosting.googleapis.com/upload/sites/bthesis-afda4/versions/b37ecbb8331149be/files/ab1a28db3832e2a024ccbfd1244126c28bb2a94e3c4d6be4d36c7c8fec6a16f2 [stream]
[debug] [2022-12-13T07:57:03.356Z] >>> [apiv2][query] POST https://upload-firebasehosting.googleapis.com/upload/sites/bthesis-afda4/versions/b37ecbb8331149be/files/951814c7e1125dd9cdcd402ae415760c2a08721e99319d56e11aa801f051cd59 [none]
[debug] [2022-12-13T07:57:03.356Z] >>> [apiv2][body] POST https://upload-firebasehosting.googleapis.com/upload/sites/bthesis-afda4/versions/b37ecbb8331149be/files/951814c7e1125dd9cdcd402ae415760c2a08721e99319d56e11aa801f051cd59 [stream]
[debug] [2022-12-13T07:57:03.357Z] >>> [apiv2][query] POST https://upload-firebasehosting.googleapis.com/upload/sites/bthesis-afda4/versions/b37ecbb8331149be/files/8f4c29f875f6eecd2132246a6624e3bb2eff6e129d5d46fa040d60c372586954 [none]
[debug] [2022-12-13T07:57:03.357Z] >>> [apiv2][body] POST https://upload-firebasehosting.googleapis.com/upload/sites/bthesis-afda4/versions/b37ecbb8331149be/files/8f4c29f875f6eecd2132246a6624e3bb2eff6e129d5d46fa040d60c372586954 [stream]
[debug] [2022-12-13T07:57:03.358Z] >>> [apiv2][query] POST https://upload-firebasehosting.googleapis.com/upload/sites/bthesis-afda4/versions/b37ecbb8331149be/files/9d982cd57036fa07220cefa95b1a377fff0d8f21de9977a252b0a55590742ad0 [none]
[debug] [2022-12-13T07:57:03.358Z] >>> [apiv2][body] POST https://upload-firebasehosting.googleapis.com/upload/sites/bthesis-afda4/versions/b37ecbb8331149be/files/9d982cd57036fa07220cefa95b1a377fff0d8f21de9977a252b0a55590742ad0 [stream]
[debug] [2022-12-13T07:57:03.359Z] >>> [apiv2][query] POST https://upload-firebasehosting.googleapis.com/upload/sites/bthesis-afda4/versions/b37ecbb8331149be/files/b70d24f19cebcc203feb9bb7fd16f90fa49409e1813c6adc7a4557b0c18e8d04 [none]
[debug] [2022-12-13T07:57:03.359Z] >>> [apiv2][body] POST https://upload-firebasehosting.googleapis.com/upload/sites/bthesis-afda4/versions/b37ecbb8331149be/files/b70d24f19cebcc203feb9bb7fd16f90fa49409e1813c6adc7a4557b0c18e8d04 [stream]
[debug] [2022-12-13T07:57:03.359Z] >>> [apiv2][query] POST https://upload-firebasehosting.googleapis.com/upload/sites/bthesis-afda4/versions/b37ecbb8331149be/files/8f733b8696c29a4ff40fcc6c3cbde3fa881b458c50a5bc37960471c62c3642a8 [none]
[debug] [2022-12-13T07:57:03.359Z] >>> [apiv2][body] POST https://upload-firebasehosting.googleapis.com/upload/sites/bthesis-afda4/versions/b37ecbb8331149be/files/8f733b8696c29a4ff40fcc6c3cbde3fa881b458c50a5bc37960471c62c3642a8 [stream]
[debug] [2022-12-13T07:57:03.360Z] >>> [apiv2][query] POST https://upload-firebasehosting.googleapis.com/upload/sites/bthesis-afda4/versions/b37ecbb8331149be/files/9ce5f442b3e6f40188587a418f56eb42a8681d295503a746da5aa7c1d43a443e [none]
[debug] [2022-12-13T07:57:03.361Z] >>> [apiv2][body] POST https://upload-firebasehosting.googleapis.com/upload/sites/bthesis-afda4/versions/b37ecbb8331149be/files/9ce5f442b3e6f40188587a418f56eb42a8681d295503a746da5aa7c1d43a443e [stream]
[debug] [2022-12-13T07:57:03.361Z] [hosting][populate queue][FINAL] {"max":1208,"min":1208,"avg":1208,"active":0,"complete":1,"success":1,"errored":0,"retried":0,"total":1,"elapsed":1215}
[debug] [2022-12-13T07:57:03.361Z] [hosting] uploads queued: 7
[debug] [2022-12-13T07:57:05.163Z] <<< [apiv2][status] POST https://upload-firebasehosting.googleapis.com/upload/sites/bthesis-afda4/versions/b37ecbb8331149be/files/951814c7e1125dd9cdcd402ae415760c2a08721e99319d56e11aa801f051cd59 200
[debug] [2022-12-13T07:57:05.163Z] <<< [apiv2][body] POST https://upload-firebasehosting.googleapis.com/upload/sites/bthesis-afda4/versions/b37ecbb8331149be/files/951814c7e1125dd9cdcd402ae415760c2a08721e99319d56e11aa801f051cd59 [stream]
[debug] [2022-12-13T07:57:05.187Z] <<< [apiv2][status] POST https://upload-firebasehosting.googleapis.com/upload/sites/bthesis-afda4/versions/b37ecbb8331149be/files/8f4c29f875f6eecd2132246a6624e3bb2eff6e129d5d46fa040d60c372586954 200
[debug] [2022-12-13T07:57:05.187Z] <<< [apiv2][body] POST https://upload-firebasehosting.googleapis.com/upload/sites/bthesis-afda4/versions/b37ecbb8331149be/files/8f4c29f875f6eecd2132246a6624e3bb2eff6e129d5d46fa040d60c372586954 [stream]
[debug] [2022-12-13T07:57:05.193Z] <<< [apiv2][status] POST https://upload-firebasehosting.googleapis.com/upload/sites/bthesis-afda4/versions/b37ecbb8331149be/files/9d982cd57036fa07220cefa95b1a377fff0d8f21de9977a252b0a55590742ad0 200
[debug] [2022-12-13T07:57:05.193Z] <<< [apiv2][body] POST https://upload-firebasehosting.googleapis.com/upload/sites/bthesis-afda4/versions/b37ecbb8331149be/files/9d982cd57036fa07220cefa95b1a377fff0d8f21de9977a252b0a55590742ad0 [stream]
[debug] [2022-12-13T07:57:05.220Z] <<< [apiv2][status] POST https://upload-firebasehosting.googleapis.com/upload/sites/bthesis-afda4/versions/b37ecbb8331149be/files/b70d24f19cebcc203feb9bb7fd16f90fa49409e1813c6adc7a4557b0c18e8d04 200
[debug] [2022-12-13T07:57:05.220Z] <<< [apiv2][body] POST https://upload-firebasehosting.googleapis.com/upload/sites/bthesis-afda4/versions/b37ecbb8331149be/files/b70d24f19cebcc203feb9bb7fd16f90fa49409e1813c6adc7a4557b0c18e8d04 [stream]
[debug] [2022-12-13T07:57:05.229Z] <<< [apiv2][status] POST https://upload-firebasehosting.googleapis.com/upload/sites/bthesis-afda4/versions/b37ecbb8331149be/files/8f733b8696c29a4ff40fcc6c3cbde3fa881b458c50a5bc37960471c62c3642a8 200
[debug] [2022-12-13T07:57:05.229Z] <<< [apiv2][body] POST https://upload-firebasehosting.googleapis.com/upload/sites/bthesis-afda4/versions/b37ecbb8331149be/files/8f733b8696c29a4ff40fcc6c3cbde3fa881b458c50a5bc37960471c62c3642a8 [stream]
[debug] [2022-12-13T07:57:05.982Z] <<< [apiv2][status] POST https://upload-firebasehosting.googleapis.com/upload/sites/bthesis-afda4/versions/b37ecbb8331149be/files/ab1a28db3832e2a024ccbfd1244126c28bb2a94e3c4d6be4d36c7c8fec6a16f2 200
[debug] [2022-12-13T07:57:05.982Z] <<< [apiv2][body] POST https://upload-firebasehosting.googleapis.com/upload/sites/bthesis-afda4/versions/b37ecbb8331149be/files/ab1a28db3832e2a024ccbfd1244126c28bb2a94e3c4d6be4d36c7c8fec6a16f2 [stream]
[debug] [2022-12-13T07:57:06.921Z] <<< [apiv2][status] POST https://upload-firebasehosting.googleapis.com/upload/sites/bthesis-afda4/versions/b37ecbb8331149be/files/9ce5f442b3e6f40188587a418f56eb42a8681d295503a746da5aa7c1d43a443e 200
[debug] [2022-12-13T07:57:06.921Z] <<< [apiv2][body] POST https://upload-firebasehosting.googleapis.com/upload/sites/bthesis-afda4/versions/b37ecbb8331149be/files/9ce5f442b3e6f40188587a418f56eb42a8681d295503a746da5aa7c1d43a443e [stream]
[debug] [2022-12-13T07:57:06.921Z] [hosting][upload queue][FINAL] {"max":3567,"min":1810,"avg":2202.8571428571427,"active":0,"complete":7,"success":7,"errored":0,"retried":0,"total":7,"elapsed":3568}
[info] +  hosting[bthesis-afda4]: file upload complete 
[debug] [2022-12-13T07:57:06.922Z] [hosting] deploy completed after 5509ms
[debug] [2022-12-13T07:57:06.925Z] [
  {
    "config": {
      "public": "build",
      "ignore": [
        "firebase.json",
        "**/.*",
        "**/node_modules/**"
      ],
      "rewrites": [
        {
          "source": "**",
          "destination": "/index.html"
        }
      ],
      "headers": [
        {
          "source": "**/*.@(jpg|jpeg|gif|png)",
          "headers": [
            {
              "key": "Access-Control-Allow-Origin",
              "value": "*"
            }
          ]
        }
      ],
      "site": "bthesis-afda4"
    },
    "version": "projects/474733194984/sites/bthesis-afda4/versions/b37ecbb8331149be"
  }
]
[info] i  hosting[bthesis-afda4]: finalizing version... 
[debug] [2022-12-13T07:57:06.928Z] >>> [apiv2][query] PATCH https://firebasehosting.googleapis.com/v1beta1/projects/-/sites/bthesis-afda4/versions/b37ecbb8331149be updateMask=status%2Cconfig
[debug] [2022-12-13T07:57:06.928Z] >>> [apiv2][body] PATCH https://firebasehosting.googleapis.com/v1beta1/projects/-/sites/bthesis-afda4/versions/b37ecbb8331149be {"status":"FINALIZED","config":{"rewrites":[{"glob":"**","path":"/index.html"}],"headers":[{"glob":"**/*.@(jpg|jpeg|gif|png)","headers":{"Access-Control-Allow-Origin":"*"}}]}}
[debug] [2022-12-13T07:57:08.145Z] <<< [apiv2][status] PATCH https://firebasehosting.googleapis.com/v1beta1/projects/-/sites/bthesis-afda4/versions/b37ecbb8331149be 200
[debug] [2022-12-13T07:57:08.145Z] <<< [apiv2][body] PATCH https://firebasehosting.googleapis.com/v1beta1/projects/-/sites/bthesis-afda4/versions/b37ecbb8331149be {"name":"projects/474733194984/sites/bthesis-afda4/versions/b37ecbb8331149be","status":"FINALIZED","config":{"headers":[{"headers":{"Access-Control-Allow-Origin":"*"},"glob":"**/*.@(jpg|jpeg|gif|png)"}],"rewrites":[{"glob":"**","path":"/index.html"}]},"labels":{"deployment-tool":"cli-firebase"},"createTime":"2022-12-13T07:56:41.211431Z","createUser":{"email":"blindice1@gmail.com"},"finalizeTime":"2022-12-13T07:57:07.980610Z","finalizeUser":{"email":"blindice1@gmail.com"}}
[debug] [2022-12-13T07:57:08.146Z] [hosting] finalized version for bthesis-afda4:[object Object]
[info] +  hosting[bthesis-afda4]: version finalized 
[info] i  hosting[bthesis-afda4]: releasing new version... 
[debug] [2022-12-13T07:57:08.147Z] >>> [apiv2][query] POST https://firebasehosting.googleapis.com/v1beta1/projects/-/sites/bthesis-afda4/channels/live/releases versionName=projects%2F474733194984%2Fsites%2Fbthesis-afda4%2Fversions%2Fb37ecbb8331149be
[debug] [2022-12-13T07:57:08.147Z] >>> [apiv2][body] POST https://firebasehosting.googleapis.com/v1beta1/projects/-/sites/bthesis-afda4/channels/live/releases {}
[debug] [2022-12-13T07:57:09.372Z] <<< [apiv2][status] POST https://firebasehosting.googleapis.com/v1beta1/projects/-/sites/bthesis-afda4/channels/live/releases 200
[debug] [2022-12-13T07:57:09.372Z] <<< [apiv2][body] POST https://firebasehosting.googleapis.com/v1beta1/projects/-/sites/bthesis-afda4/channels/live/releases {"name":"projects/474733194984/sites/bthesis-afda4/channels/live/releases/1670918228609824","version":{"name":"projects/474733194984/sites/bthesis-afda4/versions/b37ecbb8331149be","status":"FINALIZED","config":{"headers":[{"headers":{"Access-Control-Allow-Origin":"*"},"glob":"**/*.@(jpg|jpeg|gif|png)"}],"rewrites":[{"glob":"**","path":"/index.html"}]},"labels":{"deployment-tool":"cli-firebase"},"createTime":"2022-12-13T07:56:41.211431Z","createUser":{"email":"blindice1@gmail.com","imageUrl":"https://lh3.googleusercontent.com/a/AEdFTp7xHaZ_y6WLW8ndol5AVlIB_j1Vph5YYo5TmCW6=mo"},"finalizeTime":"2022-12-13T07:57:07.980610Z","finalizeUser":{"email":"blindice1@gmail.com","imageUrl":"https://lh3.googleusercontent.com/a/AEdFTp7xHaZ_y6WLW8ndol5AVlIB_j1Vph5YYo5TmCW6=mo"}},"type":"DEPLOY","releaseTime":"2022-12-13T07:57:08.609824088Z","releaseUser":{"email":"blindice1@gmail.com","imageUrl":"https://lh3.googleusercontent.com/a/AEdFTp7xHaZ_y6WLW8ndol5AVlIB_j1Vph5YYo5TmCW6=mo"}}
[debug] [2022-12-13T07:57:09.372Z] [hosting] release: {"name":"projects/474733194984/sites/bthesis-afda4/channels/live/releases/1670918228609824","version":{"name":"projects/474733194984/sites/bthesis-afda4/versions/b37ecbb8331149be","status":"FINALIZED","config":{"headers":[{"headers":{"Access-Control-Allow-Origin":"*"},"glob":"**/*.@(jpg|jpeg|gif|png)"}],"rewrites":[{"glob":"**","path":"/index.html"}]},"labels":{"deployment-tool":"cli-firebase"},"createTime":"2022-12-13T07:56:41.211431Z","createUser":{"email":"blindice1@gmail.com","imageUrl":"https://lh3.googleusercontent.com/a/AEdFTp7xHaZ_y6WLW8ndol5AVlIB_j1Vph5YYo5TmCW6=mo"},"finalizeTime":"2022-12-13T07:57:07.980610Z","finalizeUser":{"email":"blindice1@gmail.com","imageUrl":"https://lh3.googleusercontent.com/a/AEdFTp7xHaZ_y6WLW8ndol5AVlIB_j1Vph5YYo5TmCW6=mo"}},"type":"DEPLOY","releaseTime":"2022-12-13T07:57:08.609824088Z","releaseUser":{"email":"blindice1@gmail.com","imageUrl":"https://lh3.googleusercontent.com/a/AEdFTp7xHaZ_y6WLW8ndol5AVlIB_j1Vph5YYo5TmCW6=mo"}}
[info] +  hosting[bthesis-afda4]: release complete 
[info] 
[info] +  Deploy complete! 
[info] 
[info] Project Console: https://console.firebase.google.com/project/bthesis-afda4/overview
[info] Hosting URL: https://bthesis-afda4.web.app
[debug] [2022-12-13T07:57:40.449Z] Error: Timed out.
    at Timeout._onTimeout (C:\Users\b010986\AppData\Roaming\npm\node_modules\firebase-tools\lib\utils.js:253:49)
    at listOnTimeout (node:internal/timers:559:17)
    at processTimers (node:internal/timers:502:7)
[error] 
[error] Error: An unexpected error has occurred.
